9:57:09 PM: build-image version: 969defd95f3977f8de9cb1f48802a7e6f3d8c0b3 (noble-new-builds)
9:57:09 PM: buildbot version: b34371363d3ca30c2d1b8c0c23cb261247d6f156
9:57:09 PM: Fetching cached dependencies
9:57:09 PM: Failed to fetch cache, continuing with build
9:57:09 PM: Starting to prepare the repo for build
9:57:09 PM: No cached dependencies found. Cloning fresh repo
9:57:09 PM: git clone --filter=blob:none https://github.com/iTwenty/personal-website
9:57:10 PM: Preparing Git Reference refs/heads/master
9:57:16 PM: Installing dependencies
9:57:16 PM: mise ~/.config/mise/config.toml tools: python@3.14.3
9:57:16 PM: mise ~/.config/mise/config.toml tools: ruby@3.4.8
9:57:16 PM: mise ~/.config/mise/config.toml tools: go@1.26.2
9:57:16 PM: mise hugo-extended@0.151.0 [1/3] install
9:57:17 PM: mise hugo-extended@0.151.0 [1/3] download hugo_extended_0.151.0_linux-amd64.tar.gz
9:57:17 PM: mise hugo-extended@0.151.0 [2/3] checksum hugo_extended_0.151.0_linux-amd64.tar.gz
9:57:17 PM: mise hugo-extended@0.151.0 [3/3] extract hugo_extended_0.151.0_linux-amd64.tar.gz
9:57:17 PM: mise hugo-extended@0.151.0 ✓ installed
9:57:17 PM: Hugo version set to 0.151.0
9:57:18 PM: v10.24.1 is already installed.
9:57:18 PM: Now using node v10.24.1 (npm v6.14.12)
9:57:19 PM: Successfully installed dependencies
9:57:19 PM: Detected 0 framework(s)
9:57:19 PM: Starting build script
9:57:20 PM: Section completed: initializing
9:57:22 PM: ​
9:57:22 PM: Netlify Build
9:57:22 PM: ────────────────────────────────────────────────────────────────
9:57:22 PM: ​
9:57:22 PM: ❯ Version
9:57:22 PM:   @netlify/build 36.1.5
9:57:22 PM: ​
9:57:22 PM: ❯ Flags
9:57:22 PM:   accountId: 5e91413c973e3ca9b8a9fec9
9:57:22 PM:   baseRelDir: true
9:57:22 PM:   buildId: 6a5f9ddc0d3a65000808e18c
9:57:22 PM:   deployId: 6a5f9ddc0d3a65000808e18e
9:57:22 PM: ​
9:57:22 PM: ❯ Current directory
9:57:22 PM:   /opt/build/repo
9:57:22 PM: ​
9:57:22 PM: ❯ Config file
9:57:22 PM:   /opt/build/repo/netlify.toml
9:57:22 PM: ​
9:57:22 PM: ❯ Context
9:57:22 PM:   production
9:57:22 PM: ​
9:57:22 PM: ❯ Installing extensions
9:57:22 PM:    - prerender
9:58:01 PM: ​
9:58:01 PM: Dependencies installation error
9:58:01 PM: ────────────────────────────────────────────────────────────────
9:58:01 PM: ​
9:58:01 PM:   Error message
9:58:01 PM:   Error while installing dependencies in /opt/build/repo/.netlify/plugins/
9:58:01 PM:   npm WARN deprecated moize@6.1.7: This library has been deprecated in favor of micro-memoize, which as-of version 5 incorporates most of the functionality that this library offers at nearly half the size and better speed.
9:58:01 PM: ​
9:58:01 PM:   > esbuild@0.27.7 postinstall /opt/build/repo/.netlify/plugins/node_modules/esbuild
9:58:01 PM:   > node install.js
9:58:01 PM: ​​
9:58:01 PM:   > puppeteer@24.35.0 postinstall /opt/build/repo/.netlify/plugins/node_modules/puppeteer
9:58:01 PM:   > node install.mjs
9:58:01 PM: ​
9:58:01 PM:   /opt/build/repo/.netlify/plugins/node_modules/puppeteer/install.mjs:39
9:58:01 PM:     const {downloadBrowsers} = await importInstaller();
9:58:01 PM:                                ^^^^^
9:58:01 PM: ​
9:58:01 PM:   SyntaxError: await is only valid in async function
9:58:01 PM:       at Module._compile (internal/modules/cjs/loader.js:723:23)
9:58:01 PM:       at Object.Module._extensions..js (internal/modules/cjs/loader.js:789:10)
9:58:01 PM:       at Module.load (internal/modules/cjs/loader.js:653:32)
9:58:01 PM:       at tryModuleLoad (internal/modules/cjs/loader.js:593:12)
9:58:01 PM:       at Function.Module._load (internal/modules/cjs/loader.js:585:3)
9:58:01 PM:       at Function.Module.runMain (internal/modules/cjs/loader.js:831:12)
9:58:01 PM:       at startup (internal/bootstrap/node.js:283:19)
9:58:01 PM:       at bootstrapNodeJSCore (internal/bootstrap/node.js:623:3)
9:58:01 PM:   npm WARN notsup Unsupported engine for @netlify/blobs@10.7.9: wanted: {"node":"^14.16.0 || >=16.0.0"} (current: {"node":"10.24.1","npm":"6.14.12"})
9:58:01 PM:   npm WARN notsup Not compatible with your version of node/npm: @netlify/blobs@10.7.9
9:58:01 PM:   npm WARN notsup Unsupported engine for @netlify/sdk@5.0.4: wanted: {"node":">= 18.19.0"} (current: {"node":"10.24.1","npm":"6.14.12"})
9:58:01 PM:   npm WARN notsup Not compatible with your version of node/npm: @netlify/sdk@5.0.4
9:58:01 PM:   npm WARN notsup Unsupported engine for puppeteer@24.35.0: wanted: {"node":">=18"} (current: {"node":"10.24.1","npm":"6.14.12"})
9:58:01 PM:   npm WARN notsup Not compatible with your version of node/npm: puppeteer@24.35.0
9:58:01 PM:   npm WARN notsup Unsupported engine for @sparticuz/chromium@143.0.4: wanted: {"node":">=20.11.0"} (current: {"node":"10.24.1","npm":"6.14.12"})
9:58:01 PM:   npm WARN notsup Not compatible with your version of node/npm: @sparticuz/chromium@143.0.4
9:58:01 PM:   npm WARN notsup Unsupported engine for @netlify/runtime-utils@2.3.0: wanted: {"node":"^18.14.0 || >=20"} (current: {"node":"10.24.1","npm":"6.14.12"})
9:58:01 PM:   npm WARN notsup Not compatible with your version of node/npm: @netlify/runtime-utils@2.3.0
9:58:01 PM:   npm WARN notsup Unsupported engine for @netlify/dev-utils@4.4.6: wanted: {"node":"^18.14.0 || >=20"} (current: {"node":"10.24.1","npm":"6.14.12"})
9:58:01 PM:   npm WARN notsup Not compatible with your version of node/npm: @netlify/dev-utils@4.4.6
9:58:01 PM:   npm WARN notsup Unsupported engine for @netlify/otel@6.0.3: wanted: {"node":"^18.14.0 || >=20.6.1"} (current: {"node":"10.24.1","npm":"6.14.12"})
9:58:01 PM:   npm WARN notsup Not compatible with your version of node/npm: @netlify/otel@6.0.3
9:58:01 PM:   npm WARN notsup Unsupported engine for empathic@2.0.1: wanted: {"node":">=14"} (current: {"node":"10.24.1","npm":"6.14.12"})
9:58:01 PM:   npm WARN notsup Not compatible with your version of node/npm: empathic@2.0.1
9:58:01 PM:   npm WARN notsup Unsupported engine for image-size@2.0.2: wanted: {"node":">=16.x"} (current: {"node":"10.24.1","npm":"6.14.12"})
9:58:01 PM:   npm WARN notsup Not compatible with your version of node/npm: image-size@2.0.2
9:58:01 PM:   npm WARN notsup Unsupported engine for dot-prop@9.0.0: wanted: {"node":">=18"} (current: {"node":"10.24.1","npm":"6.14.12"})
9:58:01 PM:   npm WARN notsup Not compatible with your version of node/npm: dot-prop@9.0.0
9:58:01 PM:   npm WARN notsup Unsupported engine for env-paths@3.0.0: wanted: {"node":"^12.20.0 || ^14.13.1 || >=16.0.0"} (current: {"node":"10.24.1","npm":"6.14.12"})
9:58:01 PM:   npm WARN notsup Not compatible with your version of node/npm: env-paths@3.0.0
9:58:01 PM:   npm WARN notsup Unsupported engine for chokidar@4.0.3: wanted: {"node":">= 14.16.0"} (current: {"node":"10.24.1","npm":"6.14.12"})
9:58:01 PM:   npm WARN notsup Not compatible with your version of node/npm: chokidar@4.0.3
9:58:01 PM:   npm WARN notsup Unsupported engine for parse-gitignore@2.0.0: wanted: {"node":">=14"} (current: {"node":"10.24.1","npm":"6.14.12"})
9:58:01 PM:   npm WARN notsup Not compatible with your version of node/npm: parse-gitignore@2.0.0
9:58:01 PM:   npm WARN notsup Unsupported engine for ansis@4.3.1: wanted: {"node":">=14"} (current: {"node":"10.24.1","npm":"6.14.12"})
9:58:01 PM:   npm WARN notsup Not compatible with your version of node/npm: ansis@4.3.1
9:58:01 PM:   npm WARN notsup Unsupported engine for @whatwg-node/server@0.10.18: wanted: {"node":">=18.0.0"} (current: {"node":"10.24.1","npm":"6.14.12"})
9:58:01 PM:   npm WARN notsup Not compatible with your version of node/npm: @whatwg-node/server@0.10.18
9:58:01 PM:   npm WARN notsup Unsupported engine for @whatwg-node/promise-helpers@1.3.2: wanted: {"node":">=16.0.0"} (current: {"node":"10.24.1","npm":"6.14.12"})
9:58:01 PM:   npm WARN notsup Not compatible with your version of node/npm: @whatwg-node/promise-helpers@1.3.2
9:58:01 PM:   npm WARN notsup Unsupported engine for @envelop/instrumentation@1.0.0: wanted: {"node":">=18.0.0"} (current: {"node":"10.24.1","npm":"6.14.12"})
9:58:01 PM:   npm WARN notsup Not compatible with your version of node/npm: @envelop/instrumentation@1.0.0
9:58:01 PM:   npm WARN notsup Unsupported engine for @whatwg-node/disposablestack@0.0.6: wanted: {"node":">=18.0.0"} (current: {"node":"10.24.1","npm":"6.14.12"})
9:58:01 PM:   npm WARN notsup Not compatible with your version of node/npm: @whatwg-node/disposablestack@0.0.6
9:58:01 PM:   npm WARN notsup Unsupported engine for @whatwg-node/fetch@0.10.13: wanted: {"node":">=18.0.0"} (current: {"node":"10.24.1","npm":"6.14.12"})
9:58:01 PM:   npm WARN notsup Not compatible with your version of node/npm: @whatwg-node/fetch@0.10.13
9:58:01 PM:   npm WARN notsup Unsupported engine for @whatwg-node/node-fetch@0.8.6: wanted: {"node":">=18.0.0"} (current: {"node":"10.24.1","npm":"6.14.12"})
9:58:01 PM:   npm WARN notsup Not compatible with your version of node/npm: @whatwg-node/node-fetch@0.8.6
9:58:01 PM:   npm WARN notsup Unsupported engine for readdirp@4.1.2: wanted: {"node":">= 14.18.0"} (current: {"node":"10.24.1","npm":"6.14.12"})
9:58:01 PM:   npm WARN notsup Not compatible with your version of node/npm: readdirp@4.1.2
9:58:01 PM:   npm WARN notsup Unsupported engine for type-fest@4.41.0: wanted: {"node":">=16"} (current: {"node":"10.24.1","npm":"6.14.12"})
9:58:01 PM:   npm WARN notsup Not compatible with your version of node/npm: type-fest@4.41.0
9:58:01 PM:   npm WARN notsup Unsupported engine for tmp@0.2.7: wanted: {"node":">=14.14"} (current: {"node":"10.24.1","npm":"6.14.12"})
9:58:01 PM:   npm WARN notsup Not compatible with your version of node/npm: tmp@0.2.7
9:58:01 PM:   npm WARN notsup Unsupported engine for @opentelemetry/sdk-trace-node@2.7.1: wanted: {"node":"^18.19.0 || >=20.6.0"} (current: {"node":"10.24.1","npm":"6.14.12"})
9:58:01 PM:   npm WARN notsup Not compatible with your version of node/npm: @opentelemetry/sdk-trace-node@2.7.1
9:58:01 PM:   npm WARN notsup Unsupported engine for @opentelemetry/instrumentation@0.217.0: wanted: {"node":"^18.19.0 || >=20.6.0"} (current: {"node":"10.24.1","npm":"6.14.12"})
9:58:01 PM:   npm WARN notsup Not compatible with your version of node/npm: @opentelemetry/instrumentation@0.217.0
9:58:01 PM:   npm WARN notsup Unsupported engine for @opentelemetry/resources@2.7.1: wanted: {"node":"^18.19.0 || >=20.6.0"} (current: {"node":"10.24.1","npm":"6.14.12"})
9:58:01 PM:   npm WARN notsup Not compatible with your version of node/npm: @opentelemetry/resources@2.7.1
9:58:01 PM:   npm WARN notsup Unsupported engine for @opentelemetry/core@2.7.1: wanted: {"node":"^18.19.0 || >=20.6.0"} (current: {"node":"10.24.1","npm":"6.14.12"})
9:58:01 PM:   npm WARN notsup Not compatible with your version of node/npm: @opentelemetry/core@2.7.1
9:58:01 PM:   npm WARN notsup Unsupported engine for @opentelemetry/semantic-conventions@1.43.0: wanted: {"node":">=14"} (current: {"node":"10.24.1","npm":"6.14.12"})
9:58:01 PM:   npm WARN notsup Not compatible with your version of node/npm: @opentelemetry/semantic-conventions@1.43.0
9:58:01 PM:   npm WARN notsup Unsupported engine for import-in-the-middle@3.3.2: wanted: {"node":">=18"} (current: {"node":"10.24.1","npm":"6.14.12"})
9:58:01 PM:   npm WARN notsup Not compatible with your version of node/npm: import-in-the-middle@3.3.2
9:58:01 PM:   npm WARN notsup Unsupported engine for @opentelemetry/sdk-trace-base@2.7.1: wanted: {"node":"^18.19.0 || >=20.6.0"} (current: {"node":"10.24.1","npm":"6.14.12"})
9:58:01 PM:   npm WARN notsup Not compatible with your version of node/npm: @opentelemetry/sdk-trace-base@2.7.1
9:58:01 PM:   npm WARN notsup Unsupported engine for @opentelemetry/context-async-hooks@2.7.1: wanted: {"node":"^18.19.0 || >=20.6.0"} (current: {"node":"10.24.1","npm":"6.14.12"})
9:58:01 PM:   npm WARN notsup Not compatible with your version of node/npm: @opentelemetry/context-async-hooks@2.7.1
9:58:01 PM:   npm WARN notsup Unsupported engine for chalk@5.6.2: wanted: {"node":"^12.17.0 || ^14.13 || >=16.0.0"} (current: {"node":"10.24.1","npm":"6.14.12"})
9:58:01 PM:   npm WARN notsup Not compatible with your version of node/npm: chalk@5.6.2
9:58:01 PM:   npm WARN notsup Unsupported engine for open@11.0.0: wanted: {"node":">=20"} (current: {"node":"10.24.1","npm":"6.14.12"})
9:58:01 PM:   npm WARN notsup Not compatible with your version of node/npm: open@11.0.0
9:58:01 PM:   npm WARN notsup Unsupported engine for commander@12.1.0: wanted: {"node":">=18"} (current: {"node":"10.24.1","npm":"6.14.12"})
9:58:01 PM:   npm WARN notsup Not compatible with your version of node/npm: commander@12.1.0
9:58:01 PM:   npm WARN notsup Unsupported engine for execa@9.6.1: wanted: {"node":"^18.19.0 || >=20.5.0"} (current: {"node":"10.24.1","npm":"6.14.12"})
9:58:01 PM:   npm WARN notsup Not compatible with your version of node/npm: execa@9.6.1
9:58:01 PM:   npm WARN notsup Unsupported engine for wretch@2.11.1: wanted: {"node":">=14"} (current: {"node":"10.24.1","npm":"6.14.12"})
9:58:01 PM:   npm WARN notsup Not compatible with your version of node/npm: wretch@2.11.1
9:58:01 PM:   npm WARN notsup Unsupported engine for @netlify/types@2.8.0: wanted: {"node":"^18.14.0 || >=20"} (current: {"node":"10.24.1","npm":"6.14.12"})
9:58:01 PM:   npm WARN notsup Not compatible with your version of node/npm: @netlify/types@2.8.0
9:58:01 PM:   npm WARN notsup Unsupported engine for esbuild@0.27.7: wanted: {"node":">=18"} (current: {"node":"10.24.1","npm":"6.14.12"})
9:58:01 PM:   npm WARN notsup Not compatible with your version of node/npm: esbuild@0.27.7
9:58:01 PM:   npm WARN notsup Unsupported engine for normalize-package-data@8.0.0: wanted: {"node":"^20.17.0 || >=22.9.0"} (current: {"node":"10.24.1","npm":"6.14.12"})
9:58:01 PM:   npm WARN notsup Not compatible with your version of node/npm: normalize-package-data@8.0.0
9:58:01 PM:   npm WARN notsup Unsupported engine for type-fest@5.8.0: wanted: {"node":">=20"} (current: {"node":"10.24.1","npm":"6.14.12"})
9:58:01 PM:   npm WARN notsup Not compatible with your version of node/npm: type-fest@5.8.0
9:58:01 PM:   npm WARN notsup Unsupported engine for snakify-ts@2.3.0: wanted: {"node":"^12.20.0 || ^14.13.1 || >=16.0.0"} (current: {"node":"10.24.1","npm":"6.14.12"})
9:58:01 PM:   npm WARN notsup Not compatible with your version of node/npm: snakify-ts@2.3.0
9:58:01 PM:   npm WARN notsup Unsupported engine for camelize-ts@3.0.0: wanted: {"node":"^12.20.0 || ^14.13.1 || >=16.0.0"} (current: {"node":"10.24.1","npm":"6.14.12"})
9:58:01 PM:   npm WARN notsup Not compatible with your version of node/npm: camelize-ts@3.0.0
9:58:01 PM:   npm WARN notsup Unsupported engine for tagged-tag@1.0.0: wanted: {"node":">=20"} (current: {"node":"10.24.1","npm":"6.14.12"})
9:58:01 PM:   npm WARN notsup Not compatible with your version of node/npm: tagged-tag@1.0.0
9:58:01 PM:   npm WARN notsup Unsupported engine for escape-string-regexp@5.0.0: wanted: {"node":">=12"} (current: {"node":"10.24.1","npm":"6.14.12"})
9:58:01 PM:   npm WARN notsup Not compatible with your version of node/npm: escape-string-regexp@5.0.0
9:58:01 PM:   npm WARN notsup Unsupported engine for react-hook-form@7.82.0: wanted: {"node":">=18.0.0"} (current: {"node":"10.24.1","npm":"6.14.12"})
9:58:01 PM:   npm WARN notsup Not compatible with your version of node/npm: react-hook-form@7.82.0
9:58:01 PM:   npm WARN notsup Unsupported engine for tailwindcss@3.4.19: wanted: {"node":">=14.0.0"} (current: {"node":"10.24.1","npm":"6.14.12"})
9:58:01 PM:   npm WARN notsup Not compatible with your version of node/npm: tailwindcss@3.4.19
9:58:01 PM:   npm WARN notsup Unsupported engine for lilconfig@3.1.3: wanted: {"node":">=14"} (current: {"node":"10.24.1","npm":"6.14.12"})
9:58:01 PM:   npm WARN notsup Not compatible with your version of node/npm: lilconfig@3.1.3
9:58:01 PM:   npm WARN notsup Unsupported engine for sucrase@3.35.1: wanted: {"node":">=16 || 14 >=14.17"} (current: {"node":"10.24.1","npm":"6.14.12"})
9:58:01 PM:   npm WARN notsup Not compatible with your version of node/npm: sucrase@3.35.1
9:58:01 PM:   npm WARN notsup Unsupported engine for postcss-js@4.1.0: wanted: {"node":"^12 || ^14 || >= 16"} (current: {"node":"10.24.1","npm":"6.14.12"})
9:58:01 PM:   npm WARN notsup Not compatible with your version of node/npm: postcss-js@4.1.0
9:58:01 PM:   npm WARN notsup Unsupported engine for postcss-import@15.1.0: wanted: {"node":">=14.0.0"} (current: {"node":"10.24.1","npm":"6.14.12"})
9:58:01 PM:   npm WARN notsup Not compatible with your version of node/npm: postcss-import@15.1.0
9:58:01 PM:   npm WARN notsup Unsupported engine for postcss-nested@6.2.0: wanted: {"node":">=12.0"} (current: {"node":"10.24.1","npm":"6.14.12"})
9:58:01 PM:   npm WARN notsup Not compatible with your version of node/npm: postcss-nested@6.2.0
9:58:01 PM:   npm WARN notsup Unsupported engine for postcss-load-config@6.0.1: wanted: {"node":">= 18"} (current: {"node":"10.24.1","npm":"6.14.12"})
9:58:01 PM:   npm WARN notsup Not compatible with your version of node/npm: postcss-load-config@6.0.1
9:58:01 PM:   npm WARN optional SKIPPING OPTIONAL DEPENDENCY: fsevents@~2.3.2 (node_modules/tailwindcss/node_modules/chokidar/node_modules/fsevents):
9:58:01 PM:   npm WARN notsup SKIPPING OPTIONAL DEPENDENCY: Unsupported platform for fsevents@2.3.3: wanted {"os":"darwin","arch":"any"} (current: {"os":"linux","arch":"x64"})
9:58:01 PM:   npm WARN notsup Unsupported engine for tinyglobby@0.2.17: wanted: {"node":">=12.0.0"} (current: {"node":"10.24.1","npm":"6.14.12"})
9:58:01 PM:   npm WARN notsup Not compatible with your version of node/npm: tinyglobby@0.2.17
9:58:01 PM:   npm WARN notsup Unsupported engine for picomatch@4.0.5: wanted: {"node":">=12"} (current: {"node":"10.24.1","npm":"6.14.12"})
9:58:01 PM:   npm WARN notsup Not compatible with your version of node/npm: picomatch@4.0.5
9:58:01 PM:   npm WARN notsup Unsupported engine for fdir@6.5.0: wanted: {"node":">=12.0.0"} (current: {"node":"10.24.1","npm":"6.14.12"})
9:58:01 PM:   npm WARN notsup Not compatible with your version of node/npm: fdir@6.5.0
9:58:01 PM:   npm WARN notsup Unsupported engine for @esbuild/linux-ia32@0.27.7: wanted: {"node":">=18"} (current: {"node":"10.24.1","npm":"6.14.12"})
9:58:01 PM:   npm WARN notsup Not compatible with your version of node/npm: @esbuild/linux-ia32@0.27.7
9:58:01 PM:   npm WARN optional SKIPPING OPTIONAL DEPENDENCY: @esbuild/linux-ia32@0.27.7 (node_modules/esbuild/node_modules/@esbuild/linux-ia32):
9:58:01 PM:   npm WARN notsup SKIPPING OPTIONAL DEPENDENCY: Unsupported platform for @esbuild/linux-ia32@0.27.7: wanted {"os":"linux","arch":"ia32"} (current: {"os":"linux","arch":"x64"})
9:58:01 PM:   npm WARN notsup Unsupported engine for @esbuild/android-arm@0.27.7: wanted: {"node":">=18"} (current: {"node":"10.24.1","npm":"6.14.12"})
9:58:01 PM:   npm WARN notsup Not compatible with your version of node/npm: @esbuild/android-arm@0.27.7
9:58:01 PM:   npm WARN optional SKIPPING OPTIONAL DEPENDENCY: @esbuild/android-arm@0.27.7 (node_modules/esbuild/node_modules/@esbuild/android-arm):
9:58:01 PM:   npm WARN notsup SKIPPING OPTIONAL DEPENDENCY: Unsupported platform for @esbuild/android-arm@0.27.7: wanted {"os":"android","arch":"arm"} (current: {"os":"linux","arch":"x64"})
9:58:01 PM:   npm WARN notsup Unsupported engine for @esbuild/aix-ppc64@0.27.7: wanted: {"node":">=18"} (current: {"node":"10.24.1","npm":"6.14.12"})
9:58:01 PM:   npm WARN notsup Not compatible with your version of node/npm: @esbuild/aix-ppc64@0.27.7
9:58:01 PM:   npm WARN optional SKIPPING OPTIONAL DEPENDENCY: @esbuild/aix-ppc64@0.27.7 (node_modules/esbuild/node_modules/@esbuild/aix-ppc64):
9:58:01 PM:   npm WARN notsup SKIPPING OPTIONAL DEPENDENCY: Unsupported platform for @esbuild/aix-ppc64@0.27.7: wanted {"os":"aix","arch":"ppc64"} (current: {"os":"linux","arch":"x64"})
9:58:01 PM:   npm WARN notsup Unsupported engine for @esbuild/darwin-x64@0.27.7: wanted: {"node":">=18"} (current: {"node":"10.24.1","npm":"6.14.12"})
9:58:01 PM:   npm WARN notsup Not compatible with your version of node/npm: @esbuild/darwin-x64@0.27.7
9:58:01 PM:   npm WARN optional SKIPPING OPTIONAL DEPENDENCY: @esbuild/darwin-x64@0.27.7 (node_modules/esbuild/node_modules/@esbuild/darwin-x64):
9:58:01 PM:   npm WARN notsup SKIPPING OPTIONAL DEPENDENCY: Unsupported platform for @esbuild/darwin-x64@0.27.7: wanted {"os":"darwin","arch":"x64"} (current: {"os":"linux","arch":"x64"})
9:58:01 PM:   npm WARN notsup Unsupported engine for @esbuild/linux-x64@0.27.7: wanted: {"node":">=18"} (current: {"node":"10.24.1","npm":"6.14.12"})
9:58:01 PM:   npm WARN notsup Not compatible with your version of node/npm: @esbuild/linux-x64@0.27.7
9:58:01 PM:   npm WARN notsup Unsupported engine for @esbuild/linux-arm@0.27.7: wanted: {"node":">=18"} (current: {"node":"10.24.1","npm":"6.14.12"})
9:58:01 PM:   npm WARN notsup Not compatible with your version of node/npm: @esbuild/linux-arm@0.27.7
9:58:01 PM:   npm WARN optional SKIPPING OPTIONAL DEPENDENCY: @esbuild/linux-arm@0.27.7 (node_modules/esbuild/node_modules/@esbuild/linux-arm):
9:58:01 PM:   npm WARN notsup SKIPPING OPTIONAL DEPENDENCY: Unsupported platform for @esbuild/linux-arm@0.27.7: wanted {"os":"linux","arch":"arm"} (current: {"os":"linux","arch":"x64"})
9:58:01 PM:   npm WARN notsup Unsupported engine for @esbuild/win32-x64@0.27.7: wanted: {"node":">=18"} (current: {"node":"10.24.1","npm":"6.14.12"})
9:58:01 PM:   npm WARN notsup Not compatible with your version of node/npm: @esbuild/win32-x64@0.27.7
9:58:01 PM:   npm WARN optional SKIPPING OPTIONAL DEPENDENCY: @esbuild/win32-x64@0.27.7 (node_modules/esbuild/node_modules/@esbuild/win32-x64):
9:58:01 PM:   npm WARN notsup SKIPPING OPTIONAL DEPENDENCY: Unsupported platform for @esbuild/win32-x64@0.27.7: wanted {"os":"win32","arch":"x64"} (current: {"os":"linux","arch":"x64"})
9:58:01 PM:   npm WARN notsup Unsupported engine for @esbuild/sunos-x64@0.27.7: wanted: {"node":">=18"} (current: {"node":"10.24.1","npm":"6.14.12"})
9:58:01 PM:   npm WARN notsup Not compatible with your version of node/npm: @esbuild/sunos-x64@0.27.7
9:58:01 PM:   npm WARN optional SKIPPING OPTIONAL DEPENDENCY: @esbuild/sunos-x64@0.27.7 (node_modules/esbuild/node_modules/@esbuild/sunos-x64):
9:58:01 PM:   npm WARN notsup SKIPPING OPTIONAL DEPENDENCY: Unsupported platform for @esbuild/sunos-x64@0.27.7: wanted {"os":"sunos","arch":"x64"} (current: {"os":"linux","arch":"x64"})
9:58:01 PM:   npm WARN notsup Unsupported engine for @esbuild/netbsd-x64@0.27.7: wanted: {"node":">=18"} (current: {"node":"10.24.1","npm":"6.14.12"})
9:58:01 PM:   npm WARN notsup Not compatible with your version of node/npm: @esbuild/netbsd-x64@0.27.7
9:58:01 PM:   npm WARN optional SKIPPING OPTIONAL DEPENDENCY: @esbuild/netbsd-x64@0.27.7 (node_modules/esbuild/node_modules/@esbuild/netbsd-x64):
9:58:01 PM:   npm WARN notsup SKIPPING OPTIONAL DEPENDENCY: Unsupported platform for @esbuild/netbsd-x64@0.27.7: wanted {"os":"netbsd","arch":"x64"} (current: {"os":"linux","arch":"x64"})
9:58:01 PM:   npm WARN notsup Unsupported engine for @esbuild/win32-ia32@0.27.7: wanted: {"node":">=18"} (current: {"node":"10.24.1","npm":"6.14.12"})
9:58:01 PM:   npm WARN notsup Not compatible with your version of node/npm: @esbuild/win32-ia32@0.27.7
9:58:01 PM:   npm WARN optional SKIPPING OPTIONAL DEPENDENCY: @esbuild/win32-ia32@0.27.7 (node_modules/esbuild/node_modules/@esbuild/win32-ia32):
9:58:01 PM:   npm WARN notsup SKIPPING OPTIONAL DEPENDENCY: Unsupported platform for @esbuild/win32-ia32@0.27.7: wanted {"os":"win32","arch":"ia32"} (current: {"os":"linux","arch":"x64"})
9:58:01 PM:   npm WARN notsup Unsupported engine for @esbuild/openbsd-x64@0.27.7: wanted: {"node":">=18"} (current: {"node":"10.24.1","npm":"6.14.12"})
9:58:01 PM:   npm WARN notsup Not compatible with your version of node/npm: @esbuild/openbsd-x64@0.27.7
9:58:01 PM:   npm WARN optional SKIPPING OPTIONAL DEPENDENCY: @esbuild/openbsd-x64@0.27.7 (node_modules/esbuild/node_modules/@esbuild/openbsd-x64):
9:58:01 PM:   npm WARN notsup SKIPPING OPTIONAL DEPENDENCY: Unsupported platform for @esbuild/openbsd-x64@0.27.7: wanted {"os":"openbsd","arch":"x64"} (current: {"os":"linux","arch":"x64"})
9:58:01 PM:   npm WARN notsup Unsupported engine for @esbuild/android-x64@0.27.7: wanted: {"node":">=18"} (current: {"node":"10.24.1","npm":"6.14.12"})
9:58:01 PM:   npm WARN notsup Not compatible with your version of node/npm: @esbuild/android-x64@0.27.7
9:58:01 PM:   npm WARN optional SKIPPING OPTIONAL DEPENDENCY: @esbuild/android-x64@0.27.7 (node_modules/esbuild/node_modules/@esbuild/android-x64):
9:58:01 PM:   npm WARN notsup SKIPPING OPTIONAL DEPENDENCY: Unsupported platform for @esbuild/android-x64@0.27.7: wanted {"os":"android","arch":"x64"} (current: {"os":"linux","arch":"x64"})
9:58:01 PM:   npm WARN notsup Unsupported engine for @esbuild/darwin-arm64@0.27.7: wanted: {"node":">=18"} (current: {"node":"10.24.1","npm":"6.14.12"})
9:58:01 PM:   npm WARN notsup Not compatible with your version of node/npm: @esbuild/darwin-arm64@0.27.7
9:58:01 PM:   npm WARN optional SKIPPING OPTIONAL DEPENDENCY: @esbuild/darwin-arm64@0.27.7 (node_modules/esbuild/node_modules/@esbuild/darwin-arm64):
9:58:01 PM:   npm WARN notsup SKIPPING OPTIONAL DEPENDENCY: Unsupported platform for @esbuild/darwin-arm64@0.27.7: wanted {"os":"darwin","arch":"arm64"} (current: {"os":"linux","arch":"x64"})
9:58:01 PM:   npm WARN notsup Unsupported engine for @esbuild/linux-s390x@0.27.7: wanted: {"node":">=18"} (current: {"node":"10.24.1","npm":"6.14.12"})
9:58:01 PM:   npm WARN notsup Not compatible with your version of node/npm: @esbuild/linux-s390x@0.27.7
9:58:01 PM:   npm WARN optional SKIPPING OPTIONAL DEPENDENCY: @esbuild/linux-s390x@0.27.7 (node_modules/esbuild/node_modules/@esbuild/linux-s390x):
9:58:01 PM:   npm WARN notsup SKIPPING OPTIONAL DEPENDENCY: Unsupported platform for @esbuild/linux-s390x@0.27.7: wanted {"os":"linux","arch":"s390x"} (current: {"os":"linux","arch":"x64"})
9:58:01 PM:   npm WARN notsup Unsupported engine for @esbuild/linux-arm64@0.27.7: wanted: {"node":">=18"} (current: {"node":"10.24.1","npm":"6.14.12"})
9:58:01 PM:   npm WARN notsup Not compatible with your version of node/npm: @esbuild/linux-arm64@0.27.7
9:58:01 PM:   npm WARN optional SKIPPING OPTIONAL DEPENDENCY: @esbuild/linux-arm64@0.27.7 (node_modules/esbuild/node_modules/@esbuild/linux-arm64):
9:58:01 PM:   npm WARN notsup SKIPPING OPTIONAL DEPENDENCY: Unsupported platform for @esbuild/linux-arm64@0.27.7: wanted {"os":"linux","arch":"arm64"} (current: {"os":"linux","arch":"x64"})
9:58:01 PM:   npm WARN notsup Unsupported engine for @esbuild/netbsd-arm64@0.27.7: wanted: {"node":">=18"} (current: {"node":"10.24.1","npm":"6.14.12"})
9:58:01 PM:   npm WARN notsup Not compatible with your version of node/npm: @esbuild/netbsd-arm64@0.27.7
9:58:01 PM:   npm WARN optional SKIPPING OPTIONAL DEPENDENCY: @esbuild/netbsd-arm64@0.27.7 (node_modules/esbuild/node_modules/@esbuild/netbsd-arm64):
9:58:01 PM:   npm WARN notsup SKIPPING OPTIONAL DEPENDENCY: Unsupported platform for @esbuild/netbsd-arm64@0.27.7: wanted {"os":"netbsd","arch":"arm64"} (current: {"os":"linux","arch":"x64"})
9:58:01 PM:   npm WARN notsup Unsupported engine for @esbuild/freebsd-x64@0.27.7: wanted: {"node":">=18"} (current: {"node":"10.24.1","npm":"6.14.12"})
9:58:01 PM:   npm WARN notsup Not compatible with your version of node/npm: @esbuild/freebsd-x64@0.27.7
9:58:01 PM:   npm WARN optional SKIPPING OPTIONAL DEPENDENCY: @esbuild/freebsd-x64@0.27.7 (node_modules/esbuild/node_modules/@esbuild/freebsd-x64):
9:58:01 PM:   npm WARN notsup SKIPPING OPTIONAL DEPENDENCY: Unsupported platform for @esbuild/freebsd-x64@0.27.7: wanted {"os":"freebsd","arch":"x64"} (current: {"os":"linux","arch":"x64"})
9:58:01 PM:   npm WARN notsup Unsupported engine for @esbuild/win32-arm64@0.27.7: wanted: {"node":">=18"} (current: {"node":"10.24.1","npm":"6.14.12"})
9:58:01 PM:   npm WARN notsup Not compatible with your version of node/npm: @esbuild/win32-arm64@0.27.7
9:58:01 PM:   npm WARN optional SKIPPING OPTIONAL DEPENDENCY: @esbuild/win32-arm64@0.27.7 (node_modules/esbuild/node_modules/@esbuild/win32-arm64):
9:58:01 PM:   npm WARN notsup SKIPPING OPTIONAL DEPENDENCY: Unsupported platform for @esbuild/win32-arm64@0.27.7: wanted {"os":"win32","arch":"arm64"} (current: {"os":"linux","arch":"x64"})
9:58:01 PM:   npm WARN notsup Unsupported engine for @esbuild/linux-ppc64@0.27.7: wanted: {"node":">=18"} (current: {"node":"10.24.1","npm":"6.14.12"})
9:58:01 PM:   npm WARN notsup Not compatible with your version of node/npm: @esbuild/linux-ppc64@0.27.7
9:58:01 PM:   npm WARN optional SKIPPING OPTIONAL DEPENDENCY: @esbuild/linux-ppc64@0.27.7 (node_modules/esbuild/node_modules/@esbuild/linux-ppc64):
9:58:01 PM:   npm WARN notsup SKIPPING OPTIONAL DEPENDENCY: Unsupported platform for @esbuild/linux-ppc64@0.27.7: wanted {"os":"linux","arch":"ppc64"} (current: {"os":"linux","arch":"x64"})
9:58:01 PM:   npm WARN notsup Unsupported engine for @esbuild/android-arm64@0.27.7: wanted: {"node":">=18"} (current: {"node":"10.24.1","npm":"6.14.12"})
9:58:01 PM:   npm WARN notsup Not compatible with your version of node/npm: @esbuild/android-arm64@0.27.7
9:58:01 PM:   npm WARN optional SKIPPING OPTIONAL DEPENDENCY: @esbuild/android-arm64@0.27.7 (node_modules/esbuild/node_modules/@esbuild/android-arm64):
9:58:01 PM:   npm WARN notsup SKIPPING OPTIONAL DEPENDENCY: Unsupported platform for @esbuild/android-arm64@0.27.7: wanted {"os":"android","arch":"arm64"} (current: {"os":"linux","arch":"x64"})
9:58:01 PM:   npm WARN notsup Unsupported engine for @esbuild/linux-riscv64@0.27.7: wanted: {"node":">=18"} (current: {"node":"10.24.1","npm":"6.14.12"})
9:58:01 PM:   npm WARN notsup Not compatible with your version of node/npm: @esbuild/linux-riscv64@0.27.7
9:58:01 PM:   npm WARN optional SKIPPING OPTIONAL DEPENDENCY: @esbuild/linux-riscv64@0.27.7 (node_modules/esbuild/node_modules/@esbuild/linux-riscv64):
9:58:01 PM:   npm WARN notsup SKIPPING OPTIONAL DEPENDENCY: Unsupported platform for @esbuild/linux-riscv64@0.27.7: wanted {"os":"linux","arch":"riscv64"} (current: {"os":"linux","arch":"x64"})
9:58:01 PM:   npm WARN notsup Unsupported engine for @esbuild/openharmony-arm64@0.27.7: wanted: {"node":">=18"} (current: {"node":"10.24.1","npm":"6.14.12"})
9:58:01 PM:   npm WARN notsup Not compatible with your version of node/npm: @esbuild/openharmony-arm64@0.27.7
9:58:01 PM:   npm WARN optional SKIPPING OPTIONAL DEPENDENCY: @esbuild/openharmony-arm64@0.27.7 (node_modules/esbuild/node_modules/@esbuild/openharmony-arm64):
9:58:01 PM:   npm WARN notsup SKIPPING OPTIONAL DEPENDENCY: Unsupported platform for @esbuild/openharmony-arm64@0.27.7: wanted {"os":"openharmony","arch":"arm64"} (current: {"os":"linux","arch":"x64"})
9:58:01 PM:   npm WARN notsup Unsupported engine for @esbuild/linux-mips64el@0.27.7: wanted: {"node":">=18"} (current: {"node":"10.24.1","npm":"6.14.12"})
9:58:01 PM:   npm WARN notsup Not compatible with your version of node/npm: @esbuild/linux-mips64el@0.27.7
9:58:01 PM:   npm WARN optional SKIPPING OPTIONAL DEPENDENCY: @esbuild/linux-mips64el@0.27.7 (node_modules/esbuild/node_modules/@esbuild/linux-mips64el):
9:58:01 PM:   npm WARN notsup SKIPPING OPTIONAL DEPENDENCY: Unsupported platform for @esbuild/linux-mips64el@0.27.7: wanted {"os":"linux","arch":"mips64el"} (current: {"os":"linux","arch":"x64"})
9:58:01 PM:   npm WARN notsup Unsupported engine for @esbuild/openbsd-arm64@0.27.7: wanted: {"node":">=18"} (current: {"node":"10.24.1","npm":"6.14.12"})
9:58:01 PM:   npm WARN notsup Not compatible with your version of node/npm: @esbuild/openbsd-arm64@0.27.7
9:58:01 PM:   npm WARN optional SKIPPING OPTIONAL DEPENDENCY: @esbuild/openbsd-arm64@0.27.7 (node_modules/esbuild/node_modules/@esbuild/openbsd-arm64):
9:58:01 PM:   npm WARN notsup SKIPPING OPTIONAL DEPENDENCY: Unsupported platform for @esbuild/openbsd-arm64@0.27.7: wanted {"os":"openbsd","arch":"arm64"} (current: {"os":"linux","arch":"x64"})
9:58:01 PM:   npm WARN notsup Unsupported engine for @esbuild/freebsd-arm64@0.27.7: wanted: {"node":">=18"} (current: {"node":"10.24.1","npm":"6.14.12"})
9:58:01 PM:   npm WARN notsup Not compatible with your version of node/npm: @esbuild/freebsd-arm64@0.27.7
9:58:01 PM:   npm WARN optional SKIPPING OPTIONAL DEPENDENCY: @esbuild/freebsd-arm64@0.27.7 (node_modules/esbuild/node_modules/@esbuild/freebsd-arm64):
9:58:01 PM:   npm WARN notsup SKIPPING OPTIONAL DEPENDENCY: Unsupported platform for @esbuild/freebsd-arm64@0.27.7: wanted {"os":"freebsd","arch":"arm64"} (current: {"os":"linux","arch":"x64"})
9:58:01 PM:   npm WARN notsup Unsupported engine for @esbuild/linux-loong64@0.27.7: wanted: {"node":">=18"} (current: {"node":"10.24.1","npm":"6.14.12"})
9:58:01 PM:   npm WARN notsup Not compatible with your version of node/npm: @esbuild/linux-loong64@0.27.7
9:58:01 PM:   npm WARN optional SKIPPING OPTIONAL DEPENDENCY: @esbuild/linux-loong64@0.27.7 (node_modules/esbuild/node_modules/@esbuild/linux-loong64):
9:58:01 PM:   npm WARN notsup SKIPPING OPTIONAL DEPENDENCY: Unsupported platform for @esbuild/linux-loong64@0.27.7: wanted {"os":"linux","arch":"loong64"} (current: {"os":"linux","arch":"x64"})
9:58:01 PM:   npm WARN notsup Unsupported engine for fs-extra@10.1.0: wanted: {"node":">=12"} (current: {"node":"10.24.1","npm":"6.14.12"})
9:58:01 PM:   npm WARN notsup Not compatible with your version of node/npm: fs-extra@10.1.0
9:58:01 PM:   npm WARN notsup Unsupported engine for is-stream@4.0.1: wanted: {"node":">=18"} (current: {"node":"10.24.1","npm":"6.14.12"})
9:58:01 PM:   npm WARN notsup Not compatible with your version of node/npm: is-stream@4.0.1
9:58:01 PM:   npm WARN notsup Unsupported engine for figures@6.1.0: wanted: {"node":">=18"} (current: {"node":"10.24.1","npm":"6.14.12"})
9:58:01 PM:   npm WARN notsup Not compatible with your version of node/npm: figures@6.1.0
9:58:01 PM:   npm WARN notsup Unsupported engine for get-stream@9.0.1: wanted: {"node":">=18"} (current: {"node":"10.24.1","npm":"6.14.12"})
9:58:01 PM:   npm WARN notsup Not compatible with your version of node/npm: get-stream@9.0.1
9:58:01 PM:   npm WARN notsup Unsupported engine for is-plain-obj@4.1.0: wanted: {"node":">=12"} (current: {"node":"10.24.1","npm":"6.14.12"})
9:58:01 PM:   npm WARN notsup Not compatible with your version of node/npm: is-plain-obj@4.1.0
9:58:01 PM:   npm WARN notsup Unsupported engine for signal-exit@4.1.0: wanted: {"node":">=14"} (current: {"node":"10.24.1","npm":"6.14.12"})
9:58:01 PM:   npm WARN notsup Not compatible with your version of node/npm: signal-exit@4.1.0
9:58:01 PM:   npm WARN notsup Unsupported engine for yoctocolors@2.1.2: wanted: {"node":">=18"} (current: {"node":"10.24.1","npm":"6.14.12"})
9:58:01 PM:   npm WARN notsup Not compatible with your version of node/npm: yoctocolors@2.1.2
9:58:01 PM:   npm WARN notsup Unsupported engine for npm-run-path@6.0.0: wanted: {"node":">=18"} (current: {"node":"10.24.1","npm":"6.14.12"})
9:58:01 PM:   npm WARN notsup Not compatible with your version of node/npm: npm-run-path@6.0.0
9:58:01 PM:   npm WARN notsup Unsupported engine for pretty-ms@9.3.0: wanted: {"node":">=18"} (current: {"node":"10.24.1","npm":"6.14.12"})
9:58:01 PM:   npm WARN notsup Not compatible with your version of node/npm: pretty-ms@9.3.0
9:58:01 PM:   npm WARN notsup Unsupported engine for human-signals@8.0.1: wanted: {"node":">=18.18.0"} (current: {"node":"10.24.1","npm":"6.14.12"})
9:58:01 PM:   npm WARN notsup Not compatible with your version of node/npm: human-signals@8.0.1
9:58:01 PM:   npm WARN notsup Unsupported engine for strip-final-newline@4.0.0: wanted: {"node":">=18"} (current: {"node":"10.24.1","npm":"6.14.12"})
9:58:01 PM:   npm WARN notsup Not compatible with your version of node/npm: strip-final-newline@4.0.0
9:58:01 PM:   npm WARN notsup Unsupported engine for @sindresorhus/merge-streams@4.0.0: wanted: {"node":">=18"} (current: {"node":"10.24.1","npm":"6.14.12"})
9:58:01 PM:   npm WARN notsup Not compatible with your version of node/npm: @sindresorhus/merge-streams@4.0.0
9:58:01 PM:   npm WARN notsup Unsupported engine for is-unicode-supported@2.1.0: wanted: {"node":">=18"} (current: {"node":"10.24.1","npm":"6.14.12"})
9:58:01 PM:   npm WARN notsup Not compatible with your version of node/npm: is-unicode-supported@2.1.0
9:58:01 PM:   npm WARN notsup Unsupported engine for path-key@4.0.0: wanted: {"node":">=12"} (current: {"node":"10.24.1","npm":"6.14.12"})
9:58:01 PM:   npm WARN notsup Not compatible with your version of node/npm: path-key@4.0.0
9:58:01 PM:   npm WARN notsup Unsupported engine for unicorn-magic@0.3.0: wanted: {"node":">=18"} (current: {"node":"10.24.1","npm":"6.14.12"})
9:58:01 PM:   npm WARN notsup Not compatible with your version of node/npm: unicorn-magic@0.3.0
9:58:01 PM:   npm WARN notsup Unsupported engine for parse-ms@4.0.0: wanted: {"node":">=18"} (current: {"node":"10.24.1","npm":"6.14.12"})
9:58:01 PM:   npm WARN notsup Not compatible with your version of node/npm: parse-ms@4.0.0
9:58:01 PM:   npm WARN notsup Unsupported engine for hosted-git-info@9.0.3: wanted: {"node":"^20.17.0 || >=22.9.0"} (current: {"node":"10.24.1","npm":"6.14.12"})
9:58:01 PM:   npm WARN notsup Not compatible with your version of node/npm: hosted-git-info@9.0.3
9:58:01 PM:   npm WARN notsup Unsupported engine for lru-cache@11.5.2: wanted: {"node":"20 || >=22"} (current: {"node":"10.24.1","npm":"6.14.12"})
9:58:01 PM:   npm WARN notsup Not compatible with your version of node/npm: lru-cache@11.5.2
9:58:01 PM:   npm WARN notsup Unsupported engine for is-in-ssh@1.0.0: wanted: {"node":">=20"} (current: {"node":"10.24.1","npm":"6.14.12"})
9:58:01 PM:   npm WARN notsup Not compatible with your version of node/npm: is-in-ssh@1.0.0
9:58:01 PM:   npm WARN notsup Unsupported engine for powershell-utils@0.1.0: wanted: {"node":">=20"} (current: {"node":"10.24.1","npm":"6.14.12"})
9:58:01 PM:   npm WARN notsup Not compatible with your version of node/npm: powershell-utils@0.1.0
9:58:01 PM:   npm WARN notsup Unsupported engine for default-browser@5.5.0: wanted: {"node":">=18"} (current: {"node":"10.24.1","npm":"6.14.12"})
9:58:01 PM:   npm WARN notsup Not compatible with your version of node/npm: default-browser@5.5.0
9:58:01 PM:   npm WARN notsup Unsupported engine for wsl-utils@0.3.1: wanted: {"node":">=20"} (current: {"node":"10.24.1","npm":"6.14.12"})
9:58:01 PM:   npm WARN notsup Not compatible with your version of node/npm: wsl-utils@0.3.1
9:58:01 PM:   npm WARN notsup Unsupported engine for is-inside-container@1.0.0: wanted: {"node":">=14.16"} (current: {"node":"10.24.1","npm":"6.14.12"})
9:58:01 PM:   npm WARN notsup Not compatible with your version of node/npm: is-inside-container@1.0.0
9:58:01 PM:   npm WARN notsup Unsupported engine for define-lazy-prop@3.0.0: wanted: {"node":">=12"} (current: {"node":"10.24.1","npm":"6.14.12"})
9:58:01 PM:   npm WARN notsup Not compatible with your version of node/npm: define-lazy-prop@3.0.0
9:58:01 PM:   npm WARN notsup Unsupported engine for bundle-name@4.1.0: wanted: {"node":">=18"} (current: {"node":"10.24.1","npm":"6.14.12"})
9:58:01 PM:   npm WARN notsup Not compatible with your version of node/npm: bundle-name@4.1.0
9:58:01 PM:   npm WARN notsup Unsupported engine for default-browser-id@5.0.1: wanted: {"node":">=18"} (current: {"node":"10.24.1","npm":"6.14.12"})
9:58:01 PM:   npm WARN notsup Not compatible with your version of node/npm: default-browser-id@5.0.1
9:58:01 PM:   npm WARN notsup Unsupported engine for run-applescript@7.1.0: wanted: {"node":">=18"} (current: {"node":"10.24.1","npm":"6.14.12"})
9:58:01 PM:   npm WARN notsup Not compatible with your version of node/npm: run-applescript@7.1.0
9:58:01 PM:   npm WARN notsup Unsupported engine for is-docker@3.0.0: wanted: {"node":"^12.20.0 || ^14.13.1 || >=16.0.0"} (current: {"node":"10.24.1","npm":"6.14.12"})
9:58:01 PM:   npm WARN notsup Not compatible with your version of node/npm: is-docker@3.0.0
9:58:01 PM:   npm WARN notsup Unsupported engine for is-wsl@3.1.1: wanted: {"node":">=16"} (current: {"node":"10.24.1","npm":"6.14.12"})
9:58:01 PM:   npm WARN notsup Not compatible with your version of node/npm: is-wsl@3.1.1
9:58:01 PM:   npm WARN notsup Unsupported engine for cosmiconfig@9.0.2: wanted: {"node":">=14"} (current: {"node":"10.24.1","npm":"6.14.12"})
9:58:01 PM:   npm WARN notsup Not compatible with your version of node/npm: cosmiconfig@9.0.2
9:58:01 PM:   npm WARN notsup Unsupported engine for @puppeteer/browsers@2.11.1: wanted: {"node":">=18"} (current: {"node":"10.24.1","npm":"6.14.12"})
9:58:01 PM:   npm WARN notsup Not compatible with your version of node/npm: @puppeteer/browsers@2.11.1
9:58:01 PM:   npm WARN notsup Unsupported engine for puppeteer-core@24.35.0: wanted: {"node":">=18"} (current: {"node":"10.24.1","npm":"6.14.12"})
9:58:01 PM:   npm WARN notsup Not compatible with your version of node/npm: puppeteer-core@24.35.0
9:58:01 PM:   npm WARN notsup Unsupported engine for proxy-agent@6.5.0: wanted: {"node":">= 14"} (current: {"node":"10.24.1","npm":"6.14.12"})
9:58:01 PM:   npm WARN notsup Not compatible with your version of node/npm: proxy-agent@6.5.0
9:58:01 PM:   npm WARN notsup Unsupported engine for yargs@17.7.3: wanted: {"node":">=12"} (current: {"node":"10.24.1","npm":"6.14.12"})
9:58:01 PM:   npm WARN notsup Not compatible with your version of node/npm: yargs@17.7.3
9:58:01 PM:   npm WARN notsup Unsupported engine for lru-cache@7.18.3: wanted: {"node":">=12"} (current: {"node":"10.24.1","npm":"6.14.12"})
9:58:01 PM:   npm WARN notsup Not compatible with your version of node/npm: lru-cache@7.18.3
9:58:01 PM:   npm WARN notsup Unsupported engine for https-proxy-agent@7.0.6: wanted: {"node":">= 14"} (current: {"node":"10.24.1","npm":"6.14.12"})
9:58:01 PM:   npm WARN notsup Not compatible with your version of node/npm: https-proxy-agent@7.0.6
9:58:01 PM:   npm WARN notsup Unsupported engine for agent-base@7.1.4: wanted: {"node":">= 14"} (current: {"node":"10.24.1","npm":"6.14.12"})
9:58:01 PM:   npm WARN notsup Not compatible with your version of node/npm: agent-base@7.1.4
9:58:01 PM:   npm WARN notsup Unsupported engine for socks-proxy-agent@8.0.5: wanted: {"node":">= 14"} (current: {"node":"10.24.1","npm":"6.14.12"})
9:58:01 PM:   npm WARN notsup Not compatible with your version of node/npm: socks-proxy-agent@8.0.5
9:58:01 PM:   npm WARN notsup Unsupported engine for pac-proxy-agent@7.2.0: wanted: {"node":">= 14"} (current: {"node":"10.24.1","npm":"6.14.12"})
9:58:01 PM:   npm WARN notsup Not compatible with your version of node/npm: pac-proxy-agent@7.2.0
9:58:01 PM:   npm WARN notsup Unsupported engine for http-proxy-agent@7.0.2: wanted: {"node":">= 14"} (current: {"node":"10.24.1","npm":"6.14.12"})
9:58:01 PM:   npm WARN notsup Not compatible with your version of node/npm: http-proxy-agent@7.0.2
9:58:01 PM:   npm WARN notsup Unsupported engine for pac-resolver@7.0.1: wanted: {"node":">= 14"} (current: {"node":"10.24.1","npm":"6.14.12"})
9:58:01 PM:   npm WARN notsup Not compatible with your version of node/npm: pac-resolver@7.0.1
9:58:01 PM:   npm WARN notsup Unsupported engine for get-uri@6.0.5: wanted: {"node":">= 14"} (current: {"node":"10.24.1","npm":"6.14.12"})
9:58:01 PM:   npm WARN notsup Not compatible with your version of node/npm: get-uri@6.0.5
9:58:01 PM:   npm WARN notsup Unsupported engine for data-uri-to-buffer@6.0.2: wanted: {"node":">= 14"} (current: {"node":"10.24.1","npm":"6.14.12"})
9:58:01 PM:   npm WARN notsup Not compatible with your version of node/npm: data-uri-to-buffer@6.0.2
9:58:01 PM:   npm WARN notsup Unsupported engine for degenerator@5.0.1: wanted: {"node":">= 14"} (current: {"node":"10.24.1","npm":"6.14.12"})
9:58:01 PM:   npm WARN notsup Not compatible with your version of node/npm: degenerator@5.0.1
9:58:01 PM:   npm WARN notsup Unsupported engine for ip-address@10.2.0: wanted: {"node":">= 12"} (current: {"node":"10.24.1","npm":"6.14.12"})
9:58:01 PM:   npm WARN notsup Not compatible with your version of node/npm: ip-address@10.2.0
9:58:01 PM:   npm WARN notsup Unsupported engine for cliui@8.0.1: wanted: {"node":">=12"} (current: {"node":"10.24.1","npm":"6.14.12"})
9:58:01 PM:   npm WARN notsup Not compatible with your version of node/npm: cliui@8.0.1
9:58:01 PM:   npm WARN notsup Unsupported engine for yargs-parser@21.1.1: wanted: {"node":">=12"} (current: {"node":"10.24.1","npm":"6.14.12"})
9:58:01 PM:   npm WARN notsup Not compatible with your version of node/npm: yargs-parser@21.1.1
9:58:01 PM:   npm WARN @netlify/sdk--ui-functions@2.0.4 requires a peer of @trpc/server@>= 11 || >= 11.0.0-rc.0 but none is installed. You must install peer dependencies yourself.
9:58:01 PM:   npm WARN @netlify/sdk--ui-react@2.1.1 requires a peer of react@^18.3.1 but none is installed. You must install peer dependencies yourself.
9:58:01 PM:   npm WARN @netlify/sdk--ui-react@2.1.1 requires a peer of react-dom@^18.3.1 but none is installed. You must install peer dependencies yourself.
9:58:01 PM:   npm WARN @netlify/sdk--ui-react@2.1.1 requires a peer of autoprefixer@^10.4.19 but none is installed. You must install peer dependencies yourself.
9:58:01 PM:   npm WARN @netlify/ui@0.0.23 requires a peer of react@^18.0.0 but none is installed. You must install peer dependencies yourself.
9:58:01 PM:   npm WARN react-select@5.10.2 requires a peer of react@^16.8.0 || ^17.0.0 || ^18.0.0 || ^19.0.0 but none is installed. You must install peer dependencies yourself.
9:58:01 PM:   npm WARN react-select@5.10.2 requires a peer of react-dom@^16.8.0 || ^17.0.0 || ^18.0.0 || ^19.0.0 but none is installed. You must install peer dependencies yourself.
9:58:01 PM:   npm WARN @react-hook/resize-observer@2.0.2 requires a peer of react@>=18 but none is installed. You must install peer dependencies yourself.
9:58:01 PM:   npm WARN react-hook-form@7.82.0 requires a peer of react@^16.8.0 || ^17 || ^18 || ^19 but none is installed. You must install peer dependencies yourself.
9:58:01 PM:   npm WARN react-to-text@2.0.1 requires a peer of react@^18.2.0 but none is installed. You must install peer dependencies yourself.
9:58:01 PM:   npm WARN react-to-text@2.0.1 requires a peer of react-dom@^18.2.0 but none is installed. You must install peer dependencies yourself.
9:58:01 PM:   npm WARN downshift@9.4.0 requires a peer of react@>=16.12.0 but none is installed. You must install peer dependencies yourself.
9:58:01 PM:   npm WARN @tippyjs/react@4.2.6 requires a peer of react@>=16.8 but none is installed. You must install peer dependencies yourself.
9:58:01 PM:   npm WARN @tippyjs/react@4.2.6 requires a peer of react-dom@>=16.8 but none is installed. You must install peer dependencies yourself.
9:58:01 PM:   npm WARN @react-hook/passive-layout-effect@1.2.1 requires a peer of react@>=16.8 but none is installed. You must install peer dependencies yourself.
9:58:01 PM:   npm WARN @react-hook/latest@1.0.3 requires a peer of react@>=16.8 but none is installed. You must install peer dependencies yourself.
9:58:01 PM:   npm WARN use-isomorphic-layout-effect@1.2.1 requires a peer of react@^16.8.0 || ^17.0.0 || ^18.0.0 || ^19.0.0 but none is installed. You must install peer dependencies yourself.
9:58:01 PM:   npm WARN react-transition-group@4.4.5 requires a peer of react@>=16.6.0 but none is installed. You must install peer dependencies yourself.
9:58:01 PM:   npm WARN react-transition-group@4.4.5 requires a peer of react-dom@>=16.6.0 but none is installed. You must install peer dependencies yourself.
9:58:01 PM:   npm WARN @types/react-transition-group@4.4.12 requires a peer of @types/react@* but none is installed. You must install peer dependencies yourself.
9:58:01 PM:   npm WARN @emotion/react@11.14.0 requires a peer of react@>=16.8.0 but none is installed. You must install peer dependencies yourself.
9:58:01 PM:   npm WARN @emotion/use-insertion-effect-with-fallbacks@1.2.0 requires a peer of react@>=16.8.0 but none is installed. You must install peer dependencies yourself.
9:58:01 PM: ​
9:58:01 PM:   npm ERR! code ELIFECYCLE
9:58:01 PM:   npm ERR! errno 1
9:58:01 PM:   npm ERR! puppeteer@24.35.0 postinstall: `node install.mjs`
9:58:01 PM:   npm ERR! Exit status 1
9:58:01 PM:   npm ERR!
9:58:01 PM:   npm ERR! Failed at the puppeteer@24.35.0 postinstall script.
9:58:01 PM:   npm ERR! This is probably not a problem with npm. There is likely additional logging output above.
9:58:01 PM: ​​
9:58:01 PM:   Resolved config
9:58:01 PM:   build:
9:58:01 PM:     command: hugo --gc --minify
9:58:01 PM:     commandOrigin: config
9:58:01 PM:     environment:
9:58:01 PM:       - HUGO_VERSION
9:58:01 PM:       - HUGO_ENV
9:58:01 PM:       - HUGO_ENABLEGITINFO
9:58:01 PM:     publish: /opt/build/repo/public
9:58:01 PM:     publishOrigin: config
9:58:01 PM:   redirects:
9:58:01 PM:     - from: /2020/07/understanding-dyld-executable_path-loader_path-and-rpath/
9:58:01 PM:       to: /posts/01-understanding-rpath/
9:58:01 PM:     - from: /2020/08/exploring-memory-layout-and-pointers-in-swift/
9:58:01 PM:       to: /posts/02-unsafe-swift/
9:58:01 PM:     - from: /2020/10/visualizing-cgaffinetransforms/
9:58:01 PM:       to: /posts/03-affinetransform/
9:58:01 PM:     - from: /2021/10/understanding-swifts-collection-protocols/
9:58:01 PM:       to: /posts/04-swift-collections/
9:58:01 PM:     - from: /2022/04/create-android-style-navigation-drawer-in-swiftui/
9:58:01 PM:       to: /posts/05-swiftui-drawerview-p1/
9:58:01 PM:     - from: /2022/04/drag-gestures-in-swiftui/
9:58:01 PM:       to: /posts/06-swiftui-drawerview-p2/
9:58:01 PM:   redirectsOrigin: config
9:58:01 PM: Build failed due to a user error: Build script returned non-zero exit code: 2
9:58:01 PM: Failing build: Failed to build site
9:58:02 PM: Finished processing build request in 52.545s
9:58:01 PM: Failed during stage 'building site': Build script returned non-zero exit code: 2 (https://ntl.fyi/exit-code-2)
